#
# There is insufficient memory for the Java Runtime Environment to continue.
# Native memory allocation (mmap) failed to map 67108864 bytes for G1 virtual space
# Possible reasons:
#   The system is out of physical RAM or swap space
#   The process is running with CompressedOops enabled, and the Java Heap may be blocking the growth of the native heap
# Possible solutions:
#   Reduce memory load on the system
#   Increase physical memory or swap space
#   Check if swap backing store is full
#   Decrease Java heap size (-Xmx/-Xms)
#   Decrease number of Java threads
#   Decrease Java thread stack sizes (-Xss)
#   Set larger code cache with -XX:ReservedCodeCacheSize=
#   JVM is running with Unscaled Compressed Oops mode in which the Java heap is
#     placed in the first 4GB address space. The Java Heap base address is the
#     maximum limit for the native heap growth. Please use -XX:HeapBaseMinAddress
#     to set the Java Heap base and to place the Java Heap above 4GB virtual address.
# This output file may be truncated or incomplete.
#
#  Out of Memory Error (os_windows.cpp:3548), pid=35716, tid=30932
#
# JRE version:  (17.0.12+8) (build )
# Java VM: Java HotSpot(TM) 64-Bit Server VM (17.0.12+8-LTS-286, mixed mode, sharing, tiered, compressed oops, compressed class ptrs, g1 gc, windows-amd64)
# No core dump will be written. Minidumps are not enabled by default on client versions of Windows
#

---------------  S U M M A R Y ------------

Command Line: -Xmx64m -Xms64m -Dorg.gradle.appname=gradlew D:\mobile_coworking_space\android\\gradle\wrapper\gradle-wrapper.jar app:installDebug -PreactNativeDevServerPort=8081

Host: AMD Ryzen 7 4800H with Radeon Graphics         , 16 cores, 15G,  Windows 11 , 64 bit Build 26100 (10.0.26100.4768)
Time: Sat Sep  6 15:54:11 2025 SE Asia Standard Time elapsed time: 1.233228 seconds (0d 0h 0m 1s)

---------------  T H R E A D  ---------------

Current thread (0x000001e4c7ef6f90):  JavaThread "Unknown thread" [_thread_in_vm, id=30932, stack(0x000000446a300000,0x000000446a400000)]

Stack: [0x000000446a300000,0x000000446a400000]
Native frames: (J=compiled Java code, j=interpreted, Vv=VM code, C=native code)
V  [jvm.dll+0x67a04a]
V  [jvm.dll+0x7da4ed]
V  [jvm.dll+0x7dbe33]
V  [jvm.dll+0x7dc4a3]
V  [jvm.dll+0x24508f]
V  [jvm.dll+0x677089]
V  [jvm.dll+0x66bd32]
V  [jvm.dll+0x301fa6]
V  [jvm.dll+0x309546]
V  [jvm.dll+0x359d2e]
V  [jvm.dll+0x359f5f]
V  [jvm.dll+0x2d9078]
V  [jvm.dll+0x2d9fe4]
V  [jvm.dll+0x7aca21]
V  [jvm.dll+0x367591]
V  [jvm.dll+0x78b999]
V  [jvm.dll+0x3ec83f]
V  [jvm.dll+0x3ee471]
C  [jli.dll+0x5297]
C  [ucrtbase.dll+0x37b0]
C  [KERNEL32.DLL+0x2e8d7]
C  [ntdll.dll+0x3c34c]


---------------  P R O C E S S  ---------------

Threads class SMR info:
_java_thread_list=0x00007ffa0d867a18, length=0, elements={
}

Java Threads: ( => current thread )

Other Threads:
  0x000001e4c7f1a390 GCTaskThread "GC Thread#0" [stack: 0x000000446a400000,0x000000446a500000] [id=36608]
  0x000001e4c7f1b9f0 ConcurrentGCThread "G1 Main Marker" [stack: 0x000000446a500000,0x000000446a600000] [id=27628]
  0x000001e4c7f1cfe0 ConcurrentGCThread "G1 Conc#0" [stack: 0x000000446a600000,0x000000446a700000] [id=34692]

[error occurred during error reporting (printing all threads), id 0xc0000005, EXCEPTION_ACCESS_VIOLATION (0xc0000005) at pc=0x00007ffa0d099b67]

VM state: not at safepoint (not fully initialized)

VM Mutex/Monitor currently owned by a thread:  ([mutex/lock_event])
[0x000001e4c7ef44d0] Heap_lock - owner thread: 0x000001e4c7ef6f90

Heap address: 0x00000000fc000000, size: 64 MB, Compressed Oops mode: 32-bit

CDS archive(s) mapped at: [0x0000000000000000-0x0000000000000000-0x0000000000000000), size 0, SharedBaseAddress: 0x0000000800000000, ArchiveRelocationMode: 1.
Narrow klass base: 0x0000000000000000, Narrow klass shift: 0, Narrow klass range: 0x0

GC Precious Log:
<Empty>

Heap:
 garbage-first heap   total 0K, used 0K [0x00000000fc000000, 0x0000000100000000)
  region size 1024K, 0 young (0K), 0 survivors (0K)

[error occurred during error reporting (printing heap information), id 0xc0000005, EXCEPTION_ACCESS_VIOLATION (0xc0000005) at pc=0x00007ffa0d483859]

GC Heap History (0 events):
No events

Deoptimization events (0 events):
No events

Classes unloaded (0 events):
No events

Classes redefined (0 events):
No events

Internal exceptions (0 events):
No events

VM Operations (0 events):
No events

Events (1 events):
Event: 0.009 Loaded shared library C:\Program Files\Java\jdk-17\bin\java.dll


Dynamic libraries:
0x00007ff66a290000 - 0x00007ff66a2a0000 	C:\Program Files\Java\jdk-17\bin\java.exe
0x00007ffad4640000 - 0x00007ffad48a7000 	C:\WINDOWS\SYSTEM32\ntdll.dll
0x00007ffad2f40000 - 0x00007ffad3009000 	C:\WINDOWS\System32\KERNEL32.DLL
0x00007ffad1c70000 - 0x00007ffad2060000 	C:\WINDOWS\System32\KERNELBASE.dll
0x00007ffad18f0000 - 0x00007ffad1a3b000 	C:\WINDOWS\System32\ucrtbase.dll
0x00007ffaa3c40000 - 0x00007ffaa3c59000 	C:\Program Files\Java\jdk-17\bin\jli.dll
0x00007ffaa3980000 - 0x00007ffaa399b000 	C:\Program Files\Java\jdk-17\bin\VCRUNTIME140.dll
0x00007ffad25f0000 - 0x00007ffad26a4000 	C:\WINDOWS\System32\ADVAPI32.dll
0x00007ffad2ac0000 - 0x00007ffad2b69000 	C:\WINDOWS\System32\msvcrt.dll
0x00007ffad3340000 - 0x00007ffad33e6000 	C:\WINDOWS\System32\sechost.dll
0x00007ffad3660000 - 0x00007ffad3778000 	C:\WINDOWS\System32\RPCRT4.dll
0x00007ffad2b70000 - 0x00007ffad2d35000 	C:\WINDOWS\System32\USER32.dll
0x00007ffad1bb0000 - 0x00007ffad1bd7000 	C:\WINDOWS\System32\win32u.dll
0x00007ffad0b70000 - 0x00007ffad0e0a000 	C:\WINDOWS\WinSxS\amd64_microsoft.windows.common-controls_6595b64144ccf1df_6.0.26100.4768_none_3e0c112ce331287c\COMCTL32.dll
0x00007ffad3e00000 - 0x00007ffad3e2b000 	C:\WINDOWS\System32\GDI32.dll
0x00007ffad2110000 - 0x00007ffad2248000 	C:\WINDOWS\System32\gdi32full.dll
0x00007ffad1a40000 - 0x00007ffad1ae3000 	C:\WINDOWS\System32\msvcp_win.dll
0x00007ffac8770000 - 0x00007ffac877b000 	C:\WINDOWS\SYSTEM32\VERSION.dll
0x00007ffad3dc0000 - 0x00007ffad3def000 	C:\WINDOWS\System32\IMM32.DLL
0x00007ffacb690000 - 0x00007ffacb69c000 	C:\Program Files\Java\jdk-17\bin\vcruntime140_1.dll
0x00007ffa577f0000 - 0x00007ffa5787e000 	C:\Program Files\Java\jdk-17\bin\msvcp140.dll
0x00007ffa0cdb0000 - 0x00007ffa0d990000 	C:\Program Files\Java\jdk-17\bin\server\jvm.dll
0x00007ffad26b0000 - 0x00007ffad26b8000 	C:\WINDOWS\System32\PSAPI.DLL
0x00007ffac7820000 - 0x00007ffac782a000 	C:\WINDOWS\SYSTEM32\WSOCK32.dll
0x00007ffac7950000 - 0x00007ffac7985000 	C:\WINDOWS\SYSTEM32\WINMM.dll
0x00007ffad3c90000 - 0x00007ffad3d04000 	C:\WINDOWS\System32\WS2_32.dll
0x00007ffacfbb0000 - 0x00007ffacfbcb000 	C:\WINDOWS\SYSTEM32\kernel.appcore.dll
0x00007ffac0ac0000 - 0x00007ffac0aca000 	C:\Program Files\Java\jdk-17\bin\jimage.dll
0x00007ffad0f30000 - 0x00007ffad1171000 	C:\WINDOWS\SYSTEM32\DBGHELP.DLL
0x00007ffad2730000 - 0x00007ffad2ab5000 	C:\WINDOWS\System32\combase.dll
0x00007ffad3240000 - 0x00007ffad3320000 	C:\WINDOWS\System32\OLEAUT32.dll
0x00007ffad0e10000 - 0x00007ffad0e53000 	C:\WINDOWS\SYSTEM32\dbgcore.DLL
0x00007ffad2070000 - 0x00007ffad2109000 	C:\WINDOWS\System32\bcryptPrimitives.dll
0x00007ffa60670000 - 0x00007ffa60695000 	C:\Program Files\Java\jdk-17\bin\java.dll

dbghelp: loaded successfully - version: 4.0.5 - missing functions: none
symbol engine: initialized successfully - sym options: 0x614 - pdb path: .;C:\Program Files\Java\jdk-17\bin;C:\WINDOWS\SYSTEM32;C:\WINDOWS\WinSxS\amd64_microsoft.windows.common-controls_6595b64144ccf1df_6.0.26100.4768_none_3e0c112ce331287c;C:\Program Files\Java\jdk-17\bin\server

VM Arguments:
jvm_args: -Xmx64m -Xms64m -Dorg.gradle.appname=gradlew 
java_command: D:\mobile_coworking_space\android\\gradle\wrapper\gradle-wrapper.jar app:installDebug -PreactNativeDevServerPort=8081
java_class_path (initial): D:\mobile_coworking_space\android\\gradle\wrapper\gradle-wrapper.jar
Launcher Type: SUN_STANDARD

[Global flags]
     intx CICompilerCount                          = 12                                        {product} {ergonomic}
     uint ConcGCThreads                            = 3                                         {product} {ergonomic}
     uint G1ConcRefinementThreads                  = 13                                        {product} {ergonomic}
   size_t G1HeapRegionSize                         = 1048576                                   {product} {ergonomic}
    uintx GCDrainStackTargetSize                   = 64                                        {product} {ergonomic}
   size_t InitialHeapSize                          = 67108864                                  {product} {command line}
   size_t MarkStackSize                            = 4194304                                   {product} {ergonomic}
   size_t MaxHeapSize                              = 67108864                                  {product} {command line}
   size_t MinHeapDeltaBytes                        = 1048576                                   {product} {ergonomic}
   size_t MinHeapSize                              = 67108864                                  {product} {command line}
    uintx NonNMethodCodeHeapSize                   = 7602480                                {pd product} {ergonomic}
    uintx NonProfiledCodeHeapSize                  = 122027880                              {pd product} {ergonomic}
    uintx ProfiledCodeHeapSize                     = 122027880                              {pd product} {ergonomic}
    uintx ReservedCodeCacheSize                    = 251658240                              {pd product} {ergonomic}
     bool SegmentedCodeCache                       = true                                      {product} {ergonomic}
   size_t SoftMaxHeapSize                          = 67108864                               {manageable} {ergonomic}
     bool UseCompressedClassPointers               = true                           {product lp64_product} {ergonomic}
     bool UseCompressedOops                        = true                           {product lp64_product} {ergonomic}
     bool UseG1GC                                  = true                                      {product} {ergonomic}
     bool UseLargePagesIndividualAllocation        = false                                  {pd product} {ergonomic}

Logging:
Log output configuration:
 #0: stdout all=warning uptime,level,tags
 #1: stderr all=off uptime,level,tags

Environment Variables:
JAVA_HOME=C:\Program Files\Java\jdk-17
PATH=D:\mobile_coworking_space\node_modules\.bin;D:\mobile_coworking_space\node_modules\.bin;D:\node_modules\.bin;C:\Users\raihan\AppData\Roaming\npm\node_modules\npm\node_modules\@npmcli\run-script\lib\node-gyp-bin;C:\Program Files\Common Files\Oracle\Java\javapath;C:\Program Files\Microsoft\jdk-17.0.13.11-hotspot\bin;C:\Program Files\Java\jdk-17;C:\Windows\system32;C:\Windows;C:\Windows\System32\Wbem;C:\Windows\System32\WindowsPowerShell\v1.0\;C:\Windows\System32\OpenSSH\;C:\Program Files\NVIDIA Corporation\NVIDIA NvDLISR;C:\Program Files (x86)\NVIDIA Corporation\PhysX\Common;C:\ProgramData\chocolatey\bin;C:\Program Files (x86)\Windows Kits\10\Windows Performance Toolkit\;C:\Program Files\Git\cmd;C:\Program Files\gradle-8.9-all\gradle-8.9\bin;C:\Users\raihan\flutter\bin\cache\dart-sdk\bin;C:\Users\raihan\flutter\bin;C:\Users\raihan\AppData\Local\Android\Sdk;C:\Users\raihan\AppData\Local\Android\Sdk\platform-tools;C:\WINDOWS\system32;C:\WINDOWS;C:\WINDOWS\System32\Wbem;C:\WINDOWS\System32\WindowsPowerShell\v1.0\;C:\WINDOWS\System32\OpenSSH\;C:\ProgramData\ComposerSetup\bin;C:\Users\raihan\AppData\Local\Programs\Python\Python312\Scripts;C:\Users\raihan\AppData\Local\Programs\Python\Python312;C:\Program Files\nodejs\;C:\xampp\php;C:\Users\raihan\AppData\Local\Android\Sdk\platform-tools;C:\Users\raihan\AppData\Local\Android\Sdk\tools;C:\Users\raihan\AppData\Local\jdk-11.0.2\bin;C:\Users\raihan\AppData\Local\Programs\Python\Launcher\;C:\Users\raihan\AppData\Local\Microsoft\WindowsApps;C:\Users\raihan\AppData\Local\Pub\Cache\bin;D:\IntelliJ IDEA Community Edition 2023.3.4\bin;C:\Users\raihan\AppData\Local\Microsoft\WinGet\Packages\Spicetify.Spicetify_Microsoft.Winget.Source_8wekyb3d8bbwe;C:\Users\raihan\AppData\Local\spicetify;D:\JetBrains\IntelliJ IDEA Community Edition 2024.1.4\bin;C:\Users\raihan\flutter\bin\cache\dart-sdk\bin;C:\Users\raihan\AppData\Local\Programs\Microsoft VS Code\bin;C:\Users\raihan\AppData\Local\Programs\oh-my-posh\bin;C:\Program Files\JetBrains\Int
USERNAME=raihan
LANG=en_US.UTF-8
OS=Windows_NT
PROCESSOR_IDENTIFIER=AMD64 Family 23 Model 96 Stepping 1, AuthenticAMD



---------------  S Y S T E M  ---------------

OS:
 Windows 11 , 64 bit Build 26100 (10.0.26100.4768)
OS uptime: 0 days 4:03 hours
Hyper-V role detected

CPU: total 16 (initial active 16) (16 cores per cpu, 2 threads per core) family 23 model 96 stepping 1 microcode 0x8600106, cx8, cmov, fxsr, ht, mmx, 3dnowpref, sse, sse2, sse3, ssse3, sse4a, sse4.1, sse4.2, popcnt, lzcnt, tsc, tscinvbit, avx, avx2, aes, clmul, bmi1, bmi2, adx, sha, fma, vzeroupper, clflush, clflushopt, hv

Memory: 4k page, system-wide physical 15790M (1148M free)
TotalPageFile size 28078M (AvailPageFile size 88M)
current process WorkingSet (physical memory assigned to process): 12M, peak: 12M
current process commit charge ("private bytes"): 69M, peak: 133M

vm_info: Java HotSpot(TM) 64-Bit Server VM (17.0.12+8-LTS-286) for windows-amd64 JRE (17.0.12+8-LTS-286), built on Jun  5 2024 06:46:59 by "mach5one" with MS VC++ 17.6 (VS2022)

END.
